-------------------------------------------------------------------------------
Test set: TestSuite
-------------------------------------------------------------------------------
Tests run: 7, Failures: 1, Errors: 0, Skipped: 6, Time elapsed: 0.839 s <<< FAILURE! - in TestSuite
setUp(pageobjectstests.HomePageTest)  Time elapsed: 0.753 s  <<< FAILURE!
java.lang.IllegalStateException: The driver executable does not exist: D:\d\IdeaProjects\QAAE2201\QAAE2201-Assignments\WebAutomationWali\utilities\drivers\windows\chromedriver.exe

